<?xml version="1.0" encoding="utf-8"?><testsuites><testsuite name="pytest" errors="0" failures="0" skipped="0" tests="1" time="20.169" timestamp="2024-05-27T19:28:48.257301" hostname="KWWCYJQCVX"><testcase classname="tests.main_test" name="test_main" time="19.969" /></testsuite></testsuites>