<?xml version="1.0" encoding="utf-8"?><testsuites><testsuite name="pytest" errors="0" failures="0" skipped="1" tests="2" time="0.334" timestamp="2024-06-14T14:19:08.084824" hostname="KWWCYJQCVX"><testcase classname="tests.common.helper_function_test" name="test_get_schema_json_path" time="0.000" /><testcase classname="tests.main_test" name="test_get_taxis" time="0.000"><skipped type="pytest.skip" message="This test is currently disabled because Databricks workspace is blocking the IP of the build agent">/Users/james.graham/app/bundle-examples/default_python/tests/main_test.py:5: This test is currently disabled because Databricks workspace is blocking the IP of the build agent</skipped></testcase></testsuite></testsuites>